[yyyy-MM-dd HH:mm:ss] PythonBridge.Initialize: OK Version=UE Embedded Python
[yyyy-MM-dd HH:mm:ss] PythonBridge.Initialize: OK Version=UE Embedded Python
[yyyy-MM-dd HH:mm:ss] RunOptimization Args: [Audit,Mobile_Low,true,100,,,false,Textures,Meshes,Materials]
[yyyy-MM-dd HH:mm:ss] ScriptPath=D:/Documents/UE_Plugins/MagicOptimizer/HostProject/Content/Python/magic_optimizer/entry.py Base=D:/Documents/UE_Plugins/MagicOptimizer/HostProject/Content/Python/magic_optimizer Exists=true
[yyyy-MM-dd HH:mm:ss] EmbeddedPython Exec: argv=[r'D:/Documents/UE_Plugins/MagicOptimizer/HostProject/Content/Python/magic_optimizer/entry.py', r'Audit', r'Mobile_Low', r'true', r'100', r'', r'', r'false', r'Textures,Meshes,Materials'] result=D:/Documents/UE_Plugins/MagicOptimizer/HostProject/Saved/Saved/MagicOptimizer/last_result.json
[yyyy-MM-dd HH:mm:ss] STDOUT preview: {"success": true, "message": "Audit OK (Mobile_Low) - 220 textures found (AR:0, List:625, Loaded:0)", "assetsProcessed": 220, "assetsModified": 0, "phase": "Audit", "profile": "Mobile_Low", "dryRun": true, "maxChanges": 100, "include": "", "exclude": "", "useSelection": false, "categories": "Textures,Meshes,Materials"}
[yyyy-MM-dd HH:mm:ss] Parsed JSON: {"success": true, "message": "Audit OK (Mobile_Low) - 220 textures found (AR:0, List:625, Loaded:0)", "assetsProcessed": 220, "assetsModified": 0, "phase": "Audit", "profile": "Mobile_Low", "dryRun": true, "maxChanges": 100, "include": "", "exclude": "", "useSelection": false, "categories": "Textures,Meshes,Materials"}
[yyyy-MM-dd HH:mm:ss] PythonBridge.Initialize: OK Version=UE Embedded Python
[yyyy-MM-dd HH:mm:ss] PythonBridge.Initialize: OK Version=UE Embedded Python
[yyyy-MM-dd HH:mm:ss] PythonBridge.Initialize: OK Version=UE Embedded Python
[yyyy-MM-dd HH:mm:ss] PythonBridge.Initialize: OK Version=UE Embedded Python
[yyyy-MM-dd HH:mm:ss] RunOptimization Args: [Audit,Mobile_Low,true,100,,,false,Textures,Meshes,Materials]
[yyyy-MM-dd HH:mm:ss] ScriptPath=D:/Documents/UE_Plugins/MagicOptimizer/HostProject/Content/Python/magic_optimizer/entry.py Base=D:/Documents/UE_Plugins/MagicOptimizer/HostProject/Content/Python/magic_optimizer Exists=true
[yyyy-MM-dd HH:mm:ss] EmbeddedPython Exec: argv=[r'D:/Documents/UE_Plugins/MagicOptimizer/HostProject/Content/Python/magic_optimizer/entry.py', r'Audit', r'Mobile_Low', r'true', r'100', r'', r'', r'false', r'Textures,Meshes,Materials'] result=D:/Documents/UE_Plugins/MagicOptimizer/HostProject/Saved/Saved/MagicOptimizer/last_result.json
[yyyy-MM-dd HH:mm:ss] STDOUT preview: {"success": true, "message": "Audit OK (Mobile_Low) - 220 textures found (AR:0, List:625, Loaded:0)", "assetsProcessed": 220, "assetsModified": 0, "phase": "Audit", "profile": "Mobile_Low", "dryRun": true, "maxChanges": 100, "include": "", "exclude": "", "useSelection": false, "categories": "Textures,Meshes,Materials"}
[yyyy-MM-dd HH:mm:ss] Parsed JSON: {"success": true, "message": "Audit OK (Mobile_Low) - 220 textures found (AR:0, List:625, Loaded:0)", "assetsProcessed": 220, "assetsModified": 0, "phase": "Audit", "profile": "Mobile_Low", "dryRun": true, "maxChanges": 100, "include": "", "exclude": "", "useSelection": false, "categories": "Textures,Meshes,Materials"}
[yyyy-MM-dd HH:mm:ss] PythonBridge.Initialize: OK Version=UE Embedded Python
[yyyy-MM-dd HH:mm:ss] PythonBridge.Initialize: OK Version=UE Embedded Python
[yyyy-MM-dd HH:mm:ss] RunOptimization Args: [Audit,Mobile_Low,true,100,,,false,Textures,Meshes,Materials]
[yyyy-MM-dd HH:mm:ss] ScriptPath=D:/Documents/UE_Plugins/MagicOptimizer/HostProject/Content/Python/magic_optimizer/entry.py Base=D:/Documents/UE_Plugins/MagicOptimizer/HostProject/Content/Python/magic_optimizer Exists=true
[yyyy-MM-dd HH:mm:ss] EmbeddedPython Exec: argv=[r'D:/Documents/UE_Plugins/MagicOptimizer/HostProject/Content/Python/magic_optimizer/entry.py', r'Audit', r'Mobile_Low', r'true', r'100', r'', r'', r'false', r'Textures,Meshes,Materials'] result=D:/Documents/UE_Plugins/MagicOptimizer/HostProject/Saved/Saved/MagicOptimizer/last_result.json
[yyyy-MM-dd HH:mm:ss] STDOUT preview: {"success": true, "message": "Audit OK (Mobile_Low) - 220 textures found (AR:0, List:625, Loaded:0)", "assetsProcessed": 220, "assetsModified": 0, "phase": "Audit", "profile": "Mobile_Low", "dryRun": true, "maxChanges": 100, "include": "", "exclude": "", "useSelection": false, "categories": "Textures,Meshes,Materials"}
[yyyy-MM-dd HH:mm:ss] Parsed JSON: {"success": true, "message": "Audit OK (Mobile_Low) - 220 textures found (AR:0, List:625, Loaded:0)", "assetsProcessed": 220, "assetsModified": 0, "phase": "Audit", "profile": "Mobile_Low", "dryRun": true, "maxChanges": 100, "include": "", "exclude": "", "useSelection": false, "categories": "Textures,Meshes,Materials"}
[yyyy-MM-dd HH:mm:ss] PythonBridge.Initialize: OK Version=UE Embedded Python
[yyyy-MM-dd HH:mm:ss] PythonBridge.Initialize: OK Version=UE Embedded Python
[yyyy-MM-dd HH:mm:ss] PythonBridge.Initialize: OK Version=UE Embedded Python
[yyyy-MM-dd HH:mm:ss] PythonBridge.Initialize: OK Version=UE Embedded Python
[yyyy-MM-dd HH:mm:ss] PythonBridge.Initialize: OK Version=UE Embedded Python
[yyyy-MM-dd HH:mm:ss] PythonBridge.Initialize: OK Version=UE Embedded Python
[yyyy-MM-dd HH:mm:ss] PythonBridge.Initialize: OK Version=UE Embedded Python
[yyyy-MM-dd HH:mm:ss] PythonBridge.Initialize: OK Version=UE Embedded Python
[yyyy-MM-dd HH:mm:ss] PythonBridge.Initialize: OK Version=UE Embedded Python
[yyyy-MM-dd HH:mm:ss] PythonBridge.Initialize: OK Version=UE Embedded Python
[yyyy-MM-dd HH:mm:ss] PythonBridge.Initialize: OK Version=UE Embedded Python
[yyyy-MM-dd HH:mm:ss] PythonBridge.Initialize: OK Version=UE Embedded Python
[yyyy-MM-dd HH:mm:ss] PythonBridge.Initialize: OK Version=UE Embedded Python
[yyyy-MM-dd HH:mm:ss] PythonBridge.Initialize: OK Version=UE Embedded Python
[yyyy-MM-dd HH:mm:ss] PythonBridge.Initialize: OK Version=UE Embedded Python
[yyyy-MM-dd HH:mm:ss] PythonBridge.Initialize: OK Version=UE Embedded Python
[yyyy-MM-dd HH:mm:ss] PythonBridge.Initialize: OK Version=UE Embedded Python
[yyyy-MM-dd HH:mm:ss] PythonBridge.Initialize: OK Version=UE Embedded Python
[yyyy-MM-dd HH:mm:ss] PythonBridge.Initialize: OK Version=UE Embedded Python
[yyyy-MM-dd HH:mm:ss] PythonBridge.Initialize: OK Version=UE Embedded Python
[yyyy-MM-dd HH:mm:ss] PythonBridge.Initialize: OK Version=UE Embedded Python
